<?xml version="1.0" encoding="UTF-8"?>
<!-- Generated by org.testng.reporters.JUnitReportReporter -->
<testsuite hostname="DESKTOP-26GHAL4" failures="0" tests="1" name="com.mystore.testcases.TC_001VerifyUserRegisterLogin" time="14.235" errors="0" timestamp="2024-09-02T04:37:13 PDT" skipped="0">
  <testcase classname="com.mystore.testcases.TC_001VerifyUserRegisterLogin" name="verifyRegistrationAndLogin" time="14.235"/>
</testsuite> <!-- com.mystore.testcases.TC_001VerifyUserRegisterLogin -->
