<?xml version="1.0" encoding="UTF-8"?>
<!-- Generated by org.testng.reporters.JUnitReportReporter -->
<testsuite hostname="DESKTOP-26GHAL4" failures="0" tests="1" name="com.mystore.testcases.TC_BuyProduct" time="24.931" errors="0" timestamp="2024-08-14T20:40:34 PDT" skipped="0">
  <testcase classname="com.mystore.testcases.TC_BuyProduct" name="VerifyBuyProduct" time="24.931"/>
</testsuite> <!-- com.mystore.testcases.TC_BuyProduct -->
