<?xml version="1.0" encoding="UTF-8"?>
<!-- Generated by org.testng.reporters.JUnitReportReporter -->
<testsuite hostname="DESKTOP-26GHAL4" failures="0" tests="2" name="com.mystore.testcases.TC_MyAccounPageTest" time="11.167" errors="0" timestamp="2024-08-14T01:31:00 PDT" skipped="1">
  <testcase classname="com.mystore.testcases.TC_MyAccounPageTest" name="VerifySearchProduct" time="11.167"/>
  <testcase classname="com.mystore.testcases.TC_MyAccounPageTest" name="verifyRegistrationAndLogin">
    <skipped/>
  </testcase> <!-- verifyRegistrationAndLogin -->
</testsuite> <!-- com.mystore.testcases.TC_MyAccounPageTest -->
