<?xml version="1.0" encoding="UTF-8"?>
<!-- Generated by org.testng.reporters.JUnitReportReporter -->
<testsuite hostname="DESKTOP-26GHAL4" failures="0" tests="1" name="com.mystore.testcases.TC_MyAccounPageTestDDT" time="12.112" errors="0" timestamp="2024-09-02T04:42:45 PDT" skipped="0">
  <testcase classname="com.mystore.testcases.TC_MyAccounPageTestDDT" name="verifyRegistrationAndLogin" time="12.112"/>
</testsuite> <!-- com.mystore.testcases.TC_MyAccounPageTestDDT -->
